<?xml version="1.0" encoding="UTF-8"?>
<!-- Generated by org.testng.reporters.JUnitReportReporter -->
<testsuite hostname="DESKTOP-77CEPM5" failures="0" tests="1" name="Cucumber.TestNGTestRunner" time="34.862" errors="0" timestamp="2024-02-20T21:47:32 IST" skipped="0">
  <testcase classname="Cucumber.TestNGTestRunner" name="runScenario" time="34.862"/>
</testsuite> <!-- Cucumber.TestNGTestRunner -->
